<?xml version="1.0" encoding="UTF-8"?>
<testsuite xmlns:xsi="http://www.w3.org/2001/XMLSchema-instance" xsi:noNamespaceSchemaLocation="https://maven.apache.org/surefire/maven-surefire-plugin/xsd/surefire-test-report.xsd" name="Runner.TestRunner" time="17.672" tests="1" errors="0" skipped="0" failures="0">
  <properties>
    <property name="java.specification.version" value="17"/>
    <property name="sun.jnu.encoding" value="UTF-8"/>
    <property name="java.class.path" value="/Users/rajasimhanmanivannan/eclipse-workspace/Amazon/target/test-classes:/Users/rajasimhanmanivannan/eclipse-workspace/Amazon/target/classes:/Users/rajasimhanmanivannan/.m2/repository/io/rest-assured/rest-assured/4.1.2/rest-assured-4.1.2.jar:/Users/rajasimhanmanivannan/.m2/repository/org/codehaus/groovy/groovy/2.5.8/groovy-2.5.8.jar:/Users/rajasimhanmanivannan/.m2/repository/org/codehaus/groovy/groovy-xml/2.5.8/groovy-xml-2.5.8.jar:/Users/rajasimhanmanivannan/.m2/repository/org/apache/httpcomponents/httpclient/4.5.3/httpclient-4.5.3.jar:/Users/rajasimhanmanivannan/.m2/repository/org/apache/httpcomponents/httpcore/4.4.6/httpcore-4.4.6.jar:/Users/rajasimhanmanivannan/.m2/repository/commons-logging/commons-logging/1.2/commons-logging-1.2.jar:/Users/rajasimhanmanivannan/.m2/repository/commons-codec/commons-codec/1.9/commons-codec-1.9.jar:/Users/rajasimhanmanivannan/.m2/repository/org/apache/httpcomponents/httpmime/4.5.3/httpmime-4.5.3.jar:/Users/rajasimhanmanivannan/.m2/repository/org/hamcrest/hamcrest/2.1/hamcrest-2.1.jar:/Users/rajasimhanmanivannan/.m2/repository/org/ccil/cowan/tagsoup/tagsoup/1.2.1/tagsoup-1.2.1.jar:/Users/rajasimhanmanivannan/.m2/repository/io/rest-assured/json-path/4.1.2/json-path-4.1.2.jar:/Users/rajasimhanmanivannan/.m2/repository/org/codehaus/groovy/groovy-json/2.5.8/groovy-json-2.5.8.jar:/Users/rajasimhanmanivannan/.m2/repository/io/rest-assured/rest-assured-common/4.1.2/rest-assured-common-4.1.2.jar:/Users/rajasimhanmanivannan/.m2/repository/io/rest-assured/xml-path/4.1.2/xml-path-4.1.2.jar:/Users/rajasimhanmanivannan/.m2/repository/org/apache/commons/commons-lang3/3.4/commons-lang3-3.4.jar:/Users/rajasimhanmanivannan/.m2/repository/javax/xml/bind/jaxb-api/2.3.1/jaxb-api-2.3.1.jar:/Users/rajasimhanmanivannan/.m2/repository/javax/activation/javax.activation-api/1.2.0/javax.activation-api-1.2.0.jar:/Users/rajasimhanmanivannan/.m2/repository/com/sun/xml/bind/jaxb-osgi/2.3.0.1/jaxb-osgi-2.3.0.1.jar:/Users/rajasimhanmanivannan/.m2/repository/org/apache/sling/org.apache.sling.javax.activation/0.1.0/org.apache.sling.javax.activation-0.1.0.jar:/Users/rajasimhanmanivannan/.m2/repository/javax/activation/activation/1.1.1/activation-1.1.1.jar:/Users/rajasimhanmanivannan/.m2/repository/junit/junit/4.12/junit-4.12.jar:/Users/rajasimhanmanivannan/.m2/repository/org/hamcrest/hamcrest-core/1.3/hamcrest-core-1.3.jar:/Users/rajasimhanmanivannan/.m2/repository/io/cucumber/cucumber-java/4.2.0/cucumber-java-4.2.0.jar:/Users/rajasimhanmanivannan/.m2/repository/io/cucumber/cucumber-core/4.2.0/cucumber-core-4.2.0.jar:/Users/rajasimhanmanivannan/.m2/repository/io/cucumber/cucumber-html/0.2.7/cucumber-html-0.2.7.jar:/Users/rajasimhanmanivannan/.m2/repository/io/cucumber/tag-expressions/1.1.1/tag-expressions-1.1.1.jar:/Users/rajasimhanmanivannan/.m2/repository/io/cucumber/cucumber-expressions/6.2.0/cucumber-expressions-6.2.0.jar:/Users/rajasimhanmanivannan/.m2/repository/io/cucumber/datatable/1.1.7/datatable-1.1.7.jar:/Users/rajasimhanmanivannan/.m2/repository/io/cucumber/datatable-dependencies/1.1.7/datatable-dependencies-1.1.7.jar:/Users/rajasimhanmanivannan/.m2/repository/io/cucumber/cucumber-junit/4.2.0/cucumber-junit-4.2.0.jar:/Users/rajasimhanmanivannan/.m2/repository/io/cucumber/cucumber-picocontainer/4.2.0/cucumber-picocontainer-4.2.0.jar:/Users/rajasimhanmanivannan/.m2/repository/io/cucumber/gherkin/5.1.0/gherkin-5.1.0.jar:/Users/rajasimhanmanivannan/.m2/repository/org/picocontainer/picocontainer/2.15/picocontainer-2.15.jar:/Users/rajasimhanmanivannan/.m2/repository/org/seleniumhq/selenium/selenium-java/4.6.0/selenium-java-4.6.0.jar:/Users/rajasimhanmanivannan/.m2/repository/org/seleniumhq/selenium/selenium-api/4.6.0/selenium-api-4.6.0.jar:/Users/rajasimhanmanivannan/.m2/repository/org/seleniumhq/selenium/selenium-chrome-driver/4.6.0/selenium-chrome-driver-4.6.0.jar:/Users/rajasimhanmanivannan/.m2/repository/com/google/auto/service/auto-service-annotations/1.0.1/auto-service-annotations-1.0.1.jar:/Users/rajasimhanmanivannan/.m2/repository/com/google/auto/service/auto-service/1.0.1/auto-service-1.0.1.jar:/Users/rajasimhanmanivannan/.m2/repository/com/google/auto/auto-common/1.2/auto-common-1.2.jar:/Users/rajasimhanmanivannan/.m2/repository/com/google/guava/guava/31.1-jre/guava-31.1-jre.jar:/Users/rajasimhanmanivannan/.m2/repository/com/google/guava/failureaccess/1.0.1/failureaccess-1.0.1.jar:/Users/rajasimhanmanivannan/.m2/repository/com/google/guava/listenablefuture/9999.0-empty-to-avoid-conflict-with-guava/listenablefuture-9999.0-empty-to-avoid-conflict-with-guava.jar:/Users/rajasimhanmanivannan/.m2/repository/com/google/code/findbugs/jsr305/3.0.2/jsr305-3.0.2.jar:/Users/rajasimhanmanivannan/.m2/repository/org/checkerframework/checker-qual/3.12.0/checker-qual-3.12.0.jar:/Users/rajasimhanmanivannan/.m2/repository/com/google/errorprone/error_prone_annotations/2.11.0/error_prone_annotations-2.11.0.jar:/Users/rajasimhanmanivannan/.m2/repository/com/google/j2objc/j2objc-annotations/1.3/j2objc-annotations-1.3.jar:/Users/rajasimhanmanivannan/.m2/repository/org/seleniumhq/selenium/selenium-chromium-driver/4.6.0/selenium-chromium-driver-4.6.0.jar:/Users/rajasimhanmanivannan/.m2/repository/org/seleniumhq/selenium/selenium-json/4.6.0/selenium-json-4.6.0.jar:/Users/rajasimhanmanivannan/.m2/repository/org/seleniumhq/selenium/selenium-devtools-v105/4.6.0/selenium-devtools-v105-4.6.0.jar:/Users/rajasimhanmanivannan/.m2/repository/org/seleniumhq/selenium/selenium-devtools-v106/4.6.0/selenium-devtools-v106-4.6.0.jar:/Users/rajasimhanmanivannan/.m2/repository/org/seleniumhq/selenium/selenium-devtools-v107/4.6.0/selenium-devtools-v107-4.6.0.jar:/Users/rajasimhanmanivannan/.m2/repository/org/seleniumhq/selenium/selenium-devtools-v85/4.6.0/selenium-devtools-v85-4.6.0.jar:/Users/rajasimhanmanivannan/.m2/repository/org/seleniumhq/selenium/selenium-edge-driver/4.6.0/selenium-edge-driver-4.6.0.jar:/Users/rajasimhanmanivannan/.m2/repository/org/seleniumhq/selenium/selenium-firefox-driver/4.6.0/selenium-firefox-driver-4.6.0.jar:/Users/rajasimhanmanivannan/.m2/repository/org/seleniumhq/selenium/selenium-ie-driver/4.6.0/selenium-ie-driver-4.6.0.jar:/Users/rajasimhanmanivannan/.m2/repository/org/seleniumhq/selenium/selenium-remote-driver/4.6.0/selenium-remote-driver-4.6.0.jar:/Users/rajasimhanmanivannan/.m2/repository/com/beust/jcommander/1.82/jcommander-1.82.jar:/Users/rajasimhanmanivannan/.m2/repository/io/netty/netty-buffer/4.1.84.Final/netty-buffer-4.1.84.Final.jar:/Users/rajasimhanmanivannan/.m2/repository/io/netty/netty-codec-http/4.1.84.Final/netty-codec-http-4.1.84.Final.jar:/Users/rajasimhanmanivannan/.m2/repository/io/netty/netty-codec/4.1.84.Final/netty-codec-4.1.84.Final.jar:/Users/rajasimhanmanivannan/.m2/repository/io/netty/netty-handler/4.1.84.Final/netty-handler-4.1.84.Final.jar:/Users/rajasimhanmanivannan/.m2/repository/io/netty/netty-common/4.1.84.Final/netty-common-4.1.84.Final.jar:/Users/rajasimhanmanivannan/.m2/repository/io/netty/netty-transport-classes-epoll/4.1.84.Final/netty-transport-classes-epoll-4.1.84.Final.jar:/Users/rajasimhanmanivannan/.m2/repository/io/netty/netty-transport-classes-kqueue/4.1.84.Final/netty-transport-classes-kqueue-4.1.84.Final.jar:/Users/rajasimhanmanivannan/.m2/repository/io/netty/netty-transport-native-epoll/4.1.84.Final/netty-transport-native-epoll-4.1.84.Final.jar:/Users/rajasimhanmanivannan/.m2/repository/io/netty/netty-transport-native-kqueue/4.1.84.Final/netty-transport-native-kqueue-4.1.84.Final.jar:/Users/rajasimhanmanivannan/.m2/repository/io/netty/netty-transport-native-unix-common/4.1.84.Final/netty-transport-native-unix-common-4.1.84.Final.jar:/Users/rajasimhanmanivannan/.m2/repository/io/netty/netty-transport/4.1.84.Final/netty-transport-4.1.84.Final.jar:/Users/rajasimhanmanivannan/.m2/repository/io/netty/netty-resolver/4.1.84.Final/netty-resolver-4.1.84.Final.jar:/Users/rajasimhanmanivannan/.m2/repository/io/opentelemetry/opentelemetry-api/1.19.0/opentelemetry-api-1.19.0.jar:/Users/rajasimhanmanivannan/.m2/repository/io/opentelemetry/opentelemetry-context/1.19.0/opentelemetry-context-1.19.0.jar:/Users/rajasimhanmanivannan/.m2/repository/io/opentelemetry/opentelemetry-exporter-logging/1.19.0/opentelemetry-exporter-logging-1.19.0.jar:/Users/rajasimhanmanivannan/.m2/repository/io/opentelemetry/opentelemetry-sdk-metrics/1.19.0/opentelemetry-sdk-metrics-1.19.0.jar:/Users/rajasimhanmanivannan/.m2/repository/io/opentelemetry/opentelemetry-sdk-logs/1.19.0-alpha/opentelemetry-sdk-logs-1.19.0-alpha.jar:/Users/rajasimhanmanivannan/.m2/repository/io/opentelemetry/opentelemetry-api-logs/1.19.0-alpha/opentelemetry-api-logs-1.19.0-alpha.jar:/Users/rajasimhanmanivannan/.m2/repository/io/opentelemetry/opentelemetry-sdk-common/1.19.0/opentelemetry-sdk-common-1.19.0.jar:/Users/rajasimhanmanivannan/.m2/repository/io/opentelemetry/opentelemetry-sdk-extension-autoconfigure-spi/1.19.0/opentelemetry-sdk-extension-autoconfigure-spi-1.19.0.jar:/Users/rajasimhanmanivannan/.m2/repository/io/opentelemetry/opentelemetry-sdk-extension-autoconfigure/1.19.0-alpha/opentelemetry-sdk-extension-autoconfigure-1.19.0-alpha.jar:/Users/rajasimhanmanivannan/.m2/repository/io/opentelemetry/opentelemetry-exporter-common/1.19.0/opentelemetry-exporter-common-1.19.0.jar:/Users/rajasimhanmanivannan/.m2/repository/io/opentelemetry/opentelemetry-sdk-trace/1.19.0/opentelemetry-sdk-trace-1.19.0.jar:/Users/rajasimhanmanivannan/.m2/repository/io/opentelemetry/opentelemetry-sdk/1.19.0/opentelemetry-sdk-1.19.0.jar:/Users/rajasimhanmanivannan/.m2/repository/io/opentelemetry/opentelemetry-semconv/1.19.0-alpha/opentelemetry-semconv-1.19.0-alpha.jar:/Users/rajasimhanmanivannan/.m2/repository/io/ous/jtoml/2.0.0/jtoml-2.0.0.jar:/Users/rajasimhanmanivannan/.m2/repository/net/bytebuddy/byte-buddy/1.12.18/byte-buddy-1.12.18.jar:/Users/rajasimhanmanivannan/.m2/repository/org/apache/commons/commons-exec/1.3/commons-exec-1.3.jar:/Users/rajasimhanmanivannan/.m2/repository/org/asynchttpclient/async-http-client/2.12.3/async-http-client-2.12.3.jar:/Users/rajasimhanmanivannan/.m2/repository/org/asynchttpclient/async-http-client-netty-utils/2.12.3/async-http-client-netty-utils-2.12.3.jar:/Users/rajasimhanmanivannan/.m2/repository/io/netty/netty-codec-socks/4.1.60.Final/netty-codec-socks-4.1.60.Final.jar:/Users/rajasimhanmanivannan/.m2/repository/io/netty/netty-handler-proxy/4.1.60.Final/netty-handler-proxy-4.1.60.Final.jar:/Users/rajasimhanmanivannan/.m2/repository/io/netty/netty-transport-native-epoll/4.1.60.Final/netty-transport-native-epoll-4.1.60.Final-linux-x86_64.jar:/Users/rajasimhanmanivannan/.m2/repository/io/netty/netty-transport-native-kqueue/4.1.60.Final/netty-transport-native-kqueue-4.1.60.Final-osx-x86_64.jar:/Users/rajasimhanmanivannan/.m2/repository/org/reactivestreams/reactive-streams/1.0.3/reactive-streams-1.0.3.jar:/Users/rajasimhanmanivannan/.m2/repository/com/typesafe/netty/netty-reactive-streams/2.0.4/netty-reactive-streams-2.0.4.jar:/Users/rajasimhanmanivannan/.m2/repository/org/slf4j/slf4j-api/1.7.30/slf4j-api-1.7.30.jar:/Users/rajasimhanmanivannan/.m2/repository/com/sun/activation/jakarta.activation/1.2.2/jakarta.activation-1.2.2.jar:/Users/rajasimhanmanivannan/.m2/repository/org/seleniumhq/selenium/selenium-http/4.6.0/selenium-http-4.6.0.jar:/Users/rajasimhanmanivannan/.m2/repository/dev/failsafe/failsafe/3.3.0/failsafe-3.3.0.jar:/Users/rajasimhanmanivannan/.m2/repository/org/seleniumhq/selenium/selenium-manager/4.6.0/selenium-manager-4.6.0.jar:/Users/rajasimhanmanivannan/.m2/repository/org/seleniumhq/selenium/selenium-safari-driver/4.6.0/selenium-safari-driver-4.6.0.jar:/Users/rajasimhanmanivannan/.m2/repository/org/seleniumhq/selenium/selenium-support/4.6.0/selenium-support-4.6.0.jar:/Users/rajasimhanmanivannan/.m2/repository/com/aventstack/extentreports-cucumber4-adapter/1.0.7/extentreports-cucumber4-adapter-1.0.7.jar:/Users/rajasimhanmanivannan/.m2/repository/org/mongodb/mongodb-driver/3.3.0/mongodb-driver-3.3.0.jar:/Users/rajasimhanmanivannan/.m2/repository/org/mongodb/mongodb-driver-core/3.3.0/mongodb-driver-core-3.3.0.jar:/Users/rajasimhanmanivannan/.m2/repository/com/aventstack/extentreports/4.0.9/extentreports-4.0.9.jar:/Users/rajasimhanmanivannan/.m2/repository/org/mongodb/bson/3.3.0/bson-3.3.0.jar:/Users/rajasimhanmanivannan/.m2/repository/com/google/code/gson/gson/2.8.5/gson-2.8.5.jar:/Users/rajasimhanmanivannan/.m2/repository/org/freemarker/freemarker/2.3.28/freemarker-2.3.28.jar:/Users/rajasimhanmanivannan/.m2/repository/org/mongodb/mongo-java-driver/3.10.2/mongo-java-driver-3.10.2.jar:/Users/rajasimhanmanivannan/.m2/repository/org/apache/logging/log4j/log4j-api/2.13.1/log4j-api-2.13.1.jar:/Users/rajasimhanmanivannan/.m2/repository/org/apache/logging/log4j/log4j-core/2.13.1/log4j-core-2.13.1.jar:"/>
    <property name="java.vm.vendor" value="Eclipse Adoptium"/>
    <property name="sun.arch.data.model" value="64"/>
    <property name="java.vendor.url" value="https://adoptium.net/"/>
    <property name="os.name" value="Mac OS X"/>
    <property name="java.vm.specification.version" value="17"/>
    <property name="sun.java.launcher" value="SUN_STANDARD"/>
    <property name="user.country" value="GB"/>
    <property name="sun.boot.library.path" value="/Users/rajasimhanmanivannan/.p2/pool/plugins/org.eclipse.justj.openjdk.hotspot.jre.full.macosx.x86_64_17.0.5.v20221102-0933/jre/lib"/>
    <property name="sun.java.command" value="/Users/rajasimhanmanivannan/eclipse-workspace/Amazon/target/surefire/surefirebooter6453068119320065626.jar /Users/rajasimhanmanivannan/eclipse-workspace/Amazon/target/surefire 2022-11-13T19-50-07_290-jvmRun1 surefire8233732176073693263tmp surefire_018351285714604175144tmp"/>
    <property name="jdk.debug" value="release"/>
    <property name="surefire.test.class.path" value="/Users/rajasimhanmanivannan/eclipse-workspace/Amazon/target/test-classes:/Users/rajasimhanmanivannan/eclipse-workspace/Amazon/target/classes:/Users/rajasimhanmanivannan/.m2/repository/io/rest-assured/rest-assured/4.1.2/rest-assured-4.1.2.jar:/Users/rajasimhanmanivannan/.m2/repository/org/codehaus/groovy/groovy/2.5.8/groovy-2.5.8.jar:/Users/rajasimhanmanivannan/.m2/repository/org/codehaus/groovy/groovy-xml/2.5.8/groovy-xml-2.5.8.jar:/Users/rajasimhanmanivannan/.m2/repository/org/apache/httpcomponents/httpclient/4.5.3/httpclient-4.5.3.jar:/Users/rajasimhanmanivannan/.m2/repository/org/apache/httpcomponents/httpcore/4.4.6/httpcore-4.4.6.jar:/Users/rajasimhanmanivannan/.m2/repository/commons-logging/commons-logging/1.2/commons-logging-1.2.jar:/Users/rajasimhanmanivannan/.m2/repository/commons-codec/commons-codec/1.9/commons-codec-1.9.jar:/Users/rajasimhanmanivannan/.m2/repository/org/apache/httpcomponents/httpmime/4.5.3/httpmime-4.5.3.jar:/Users/rajasimhanmanivannan/.m2/repository/org/hamcrest/hamcrest/2.1/hamcrest-2.1.jar:/Users/rajasimhanmanivannan/.m2/repository/org/ccil/cowan/tagsoup/tagsoup/1.2.1/tagsoup-1.2.1.jar:/Users/rajasimhanmanivannan/.m2/repository/io/rest-assured/json-path/4.1.2/json-path-4.1.2.jar:/Users/rajasimhanmanivannan/.m2/repository/org/codehaus/groovy/groovy-json/2.5.8/groovy-json-2.5.8.jar:/Users/rajasimhanmanivannan/.m2/repository/io/rest-assured/rest-assured-common/4.1.2/rest-assured-common-4.1.2.jar:/Users/rajasimhanmanivannan/.m2/repository/io/rest-assured/xml-path/4.1.2/xml-path-4.1.2.jar:/Users/rajasimhanmanivannan/.m2/repository/org/apache/commons/commons-lang3/3.4/commons-lang3-3.4.jar:/Users/rajasimhanmanivannan/.m2/repository/javax/xml/bind/jaxb-api/2.3.1/jaxb-api-2.3.1.jar:/Users/rajasimhanmanivannan/.m2/repository/javax/activation/javax.activation-api/1.2.0/javax.activation-api-1.2.0.jar:/Users/rajasimhanmanivannan/.m2/repository/com/sun/xml/bind/jaxb-osgi/2.3.0.1/jaxb-osgi-2.3.0.1.jar:/Users/rajasimhanmanivannan/.m2/repository/org/apache/sling/org.apache.sling.javax.activation/0.1.0/org.apache.sling.javax.activation-0.1.0.jar:/Users/rajasimhanmanivannan/.m2/repository/javax/activation/activation/1.1.1/activation-1.1.1.jar:/Users/rajasimhanmanivannan/.m2/repository/junit/junit/4.12/junit-4.12.jar:/Users/rajasimhanmanivannan/.m2/repository/org/hamcrest/hamcrest-core/1.3/hamcrest-core-1.3.jar:/Users/rajasimhanmanivannan/.m2/repository/io/cucumber/cucumber-java/4.2.0/cucumber-java-4.2.0.jar:/Users/rajasimhanmanivannan/.m2/repository/io/cucumber/cucumber-core/4.2.0/cucumber-core-4.2.0.jar:/Users/rajasimhanmanivannan/.m2/repository/io/cucumber/cucumber-html/0.2.7/cucumber-html-0.2.7.jar:/Users/rajasimhanmanivannan/.m2/repository/io/cucumber/tag-expressions/1.1.1/tag-expressions-1.1.1.jar:/Users/rajasimhanmanivannan/.m2/repository/io/cucumber/cucumber-expressions/6.2.0/cucumber-expressions-6.2.0.jar:/Users/rajasimhanmanivannan/.m2/repository/io/cucumber/datatable/1.1.7/datatable-1.1.7.jar:/Users/rajasimhanmanivannan/.m2/repository/io/cucumber/datatable-dependencies/1.1.7/datatable-dependencies-1.1.7.jar:/Users/rajasimhanmanivannan/.m2/repository/io/cucumber/cucumber-junit/4.2.0/cucumber-junit-4.2.0.jar:/Users/rajasimhanmanivannan/.m2/repository/io/cucumber/cucumber-picocontainer/4.2.0/cucumber-picocontainer-4.2.0.jar:/Users/rajasimhanmanivannan/.m2/repository/io/cucumber/gherkin/5.1.0/gherkin-5.1.0.jar:/Users/rajasimhanmanivannan/.m2/repository/org/picocontainer/picocontainer/2.15/picocontainer-2.15.jar:/Users/rajasimhanmanivannan/.m2/repository/org/seleniumhq/selenium/selenium-java/4.6.0/selenium-java-4.6.0.jar:/Users/rajasimhanmanivannan/.m2/repository/org/seleniumhq/selenium/selenium-api/4.6.0/selenium-api-4.6.0.jar:/Users/rajasimhanmanivannan/.m2/repository/org/seleniumhq/selenium/selenium-chrome-driver/4.6.0/selenium-chrome-driver-4.6.0.jar:/Users/rajasimhanmanivannan/.m2/repository/com/google/auto/service/auto-service-annotations/1.0.1/auto-service-annotations-1.0.1.jar:/Users/rajasimhanmanivannan/.m2/repository/com/google/auto/service/auto-service/1.0.1/auto-service-1.0.1.jar:/Users/rajasimhanmanivannan/.m2/repository/com/google/auto/auto-common/1.2/auto-common-1.2.jar:/Users/rajasimhanmanivannan/.m2/repository/com/google/guava/guava/31.1-jre/guava-31.1-jre.jar:/Users/rajasimhanmanivannan/.m2/repository/com/google/guava/failureaccess/1.0.1/failureaccess-1.0.1.jar:/Users/rajasimhanmanivannan/.m2/repository/com/google/guava/listenablefuture/9999.0-empty-to-avoid-conflict-with-guava/listenablefuture-9999.0-empty-to-avoid-conflict-with-guava.jar:/Users/rajasimhanmanivannan/.m2/repository/com/google/code/findbugs/jsr305/3.0.2/jsr305-3.0.2.jar:/Users/rajasimhanmanivannan/.m2/repository/org/checkerframework/checker-qual/3.12.0/checker-qual-3.12.0.jar:/Users/rajasimhanmanivannan/.m2/repository/com/google/errorprone/error_prone_annotations/2.11.0/error_prone_annotations-2.11.0.jar:/Users/rajasimhanmanivannan/.m2/repository/com/google/j2objc/j2objc-annotations/1.3/j2objc-annotations-1.3.jar:/Users/rajasimhanmanivannan/.m2/repository/org/seleniumhq/selenium/selenium-chromium-driver/4.6.0/selenium-chromium-driver-4.6.0.jar:/Users/rajasimhanmanivannan/.m2/repository/org/seleniumhq/selenium/selenium-json/4.6.0/selenium-json-4.6.0.jar:/Users/rajasimhanmanivannan/.m2/repository/org/seleniumhq/selenium/selenium-devtools-v105/4.6.0/selenium-devtools-v105-4.6.0.jar:/Users/rajasimhanmanivannan/.m2/repository/org/seleniumhq/selenium/selenium-devtools-v106/4.6.0/selenium-devtools-v106-4.6.0.jar:/Users/rajasimhanmanivannan/.m2/repository/org/seleniumhq/selenium/selenium-devtools-v107/4.6.0/selenium-devtools-v107-4.6.0.jar:/Users/rajasimhanmanivannan/.m2/repository/org/seleniumhq/selenium/selenium-devtools-v85/4.6.0/selenium-devtools-v85-4.6.0.jar:/Users/rajasimhanmanivannan/.m2/repository/org/seleniumhq/selenium/selenium-edge-driver/4.6.0/selenium-edge-driver-4.6.0.jar:/Users/rajasimhanmanivannan/.m2/repository/org/seleniumhq/selenium/selenium-firefox-driver/4.6.0/selenium-firefox-driver-4.6.0.jar:/Users/rajasimhanmanivannan/.m2/repository/org/seleniumhq/selenium/selenium-ie-driver/4.6.0/selenium-ie-driver-4.6.0.jar:/Users/rajasimhanmanivannan/.m2/repository/org/seleniumhq/selenium/selenium-remote-driver/4.6.0/selenium-remote-driver-4.6.0.jar:/Users/rajasimhanmanivannan/.m2/repository/com/beust/jcommander/1.82/jcommander-1.82.jar:/Users/rajasimhanmanivannan/.m2/repository/io/netty/netty-buffer/4.1.84.Final/netty-buffer-4.1.84.Final.jar:/Users/rajasimhanmanivannan/.m2/repository/io/netty/netty-codec-http/4.1.84.Final/netty-codec-http-4.1.84.Final.jar:/Users/rajasimhanmanivannan/.m2/repository/io/netty/netty-codec/4.1.84.Final/netty-codec-4.1.84.Final.jar:/Users/rajasimhanmanivannan/.m2/repository/io/netty/netty-handler/4.1.84.Final/netty-handler-4.1.84.Final.jar:/Users/rajasimhanmanivannan/.m2/repository/io/netty/netty-common/4.1.84.Final/netty-common-4.1.84.Final.jar:/Users/rajasimhanmanivannan/.m2/repository/io/netty/netty-transport-classes-epoll/4.1.84.Final/netty-transport-classes-epoll-4.1.84.Final.jar:/Users/rajasimhanmanivannan/.m2/repository/io/netty/netty-transport-classes-kqueue/4.1.84.Final/netty-transport-classes-kqueue-4.1.84.Final.jar:/Users/rajasimhanmanivannan/.m2/repository/io/netty/netty-transport-native-epoll/4.1.84.Final/netty-transport-native-epoll-4.1.84.Final.jar:/Users/rajasimhanmanivannan/.m2/repository/io/netty/netty-transport-native-kqueue/4.1.84.Final/netty-transport-native-kqueue-4.1.84.Final.jar:/Users/rajasimhanmanivannan/.m2/repository/io/netty/netty-transport-native-unix-common/4.1.84.Final/netty-transport-native-unix-common-4.1.84.Final.jar:/Users/rajasimhanmanivannan/.m2/repository/io/netty/netty-transport/4.1.84.Final/netty-transport-4.1.84.Final.jar:/Users/rajasimhanmanivannan/.m2/repository/io/netty/netty-resolver/4.1.84.Final/netty-resolver-4.1.84.Final.jar:/Users/rajasimhanmanivannan/.m2/repository/io/opentelemetry/opentelemetry-api/1.19.0/opentelemetry-api-1.19.0.jar:/Users/rajasimhanmanivannan/.m2/repository/io/opentelemetry/opentelemetry-context/1.19.0/opentelemetry-context-1.19.0.jar:/Users/rajasimhanmanivannan/.m2/repository/io/opentelemetry/opentelemetry-exporter-logging/1.19.0/opentelemetry-exporter-logging-1.19.0.jar:/Users/rajasimhanmanivannan/.m2/repository/io/opentelemetry/opentelemetry-sdk-metrics/1.19.0/opentelemetry-sdk-metrics-1.19.0.jar:/Users/rajasimhanmanivannan/.m2/repository/io/opentelemetry/opentelemetry-sdk-logs/1.19.0-alpha/opentelemetry-sdk-logs-1.19.0-alpha.jar:/Users/rajasimhanmanivannan/.m2/repository/io/opentelemetry/opentelemetry-api-logs/1.19.0-alpha/opentelemetry-api-logs-1.19.0-alpha.jar:/Users/rajasimhanmanivannan/.m2/repository/io/opentelemetry/opentelemetry-sdk-common/1.19.0/opentelemetry-sdk-common-1.19.0.jar:/Users/rajasimhanmanivannan/.m2/repository/io/opentelemetry/opentelemetry-sdk-extension-autoconfigure-spi/1.19.0/opentelemetry-sdk-extension-autoconfigure-spi-1.19.0.jar:/Users/rajasimhanmanivannan/.m2/repository/io/opentelemetry/opentelemetry-sdk-extension-autoconfigure/1.19.0-alpha/opentelemetry-sdk-extension-autoconfigure-1.19.0-alpha.jar:/Users/rajasimhanmanivannan/.m2/repository/io/opentelemetry/opentelemetry-exporter-common/1.19.0/opentelemetry-exporter-common-1.19.0.jar:/Users/rajasimhanmanivannan/.m2/repository/io/opentelemetry/opentelemetry-sdk-trace/1.19.0/opentelemetry-sdk-trace-1.19.0.jar:/Users/rajasimhanmanivannan/.m2/repository/io/opentelemetry/opentelemetry-sdk/1.19.0/opentelemetry-sdk-1.19.0.jar:/Users/rajasimhanmanivannan/.m2/repository/io/opentelemetry/opentelemetry-semconv/1.19.0-alpha/opentelemetry-semconv-1.19.0-alpha.jar:/Users/rajasimhanmanivannan/.m2/repository/io/ous/jtoml/2.0.0/jtoml-2.0.0.jar:/Users/rajasimhanmanivannan/.m2/repository/net/bytebuddy/byte-buddy/1.12.18/byte-buddy-1.12.18.jar:/Users/rajasimhanmanivannan/.m2/repository/org/apache/commons/commons-exec/1.3/commons-exec-1.3.jar:/Users/rajasimhanmanivannan/.m2/repository/org/asynchttpclient/async-http-client/2.12.3/async-http-client-2.12.3.jar:/Users/rajasimhanmanivannan/.m2/repository/org/asynchttpclient/async-http-client-netty-utils/2.12.3/async-http-client-netty-utils-2.12.3.jar:/Users/rajasimhanmanivannan/.m2/repository/io/netty/netty-codec-socks/4.1.60.Final/netty-codec-socks-4.1.60.Final.jar:/Users/rajasimhanmanivannan/.m2/repository/io/netty/netty-handler-proxy/4.1.60.Final/netty-handler-proxy-4.1.60.Final.jar:/Users/rajasimhanmanivannan/.m2/repository/io/netty/netty-transport-native-epoll/4.1.60.Final/netty-transport-native-epoll-4.1.60.Final-linux-x86_64.jar:/Users/rajasimhanmanivannan/.m2/repository/io/netty/netty-transport-native-kqueue/4.1.60.Final/netty-transport-native-kqueue-4.1.60.Final-osx-x86_64.jar:/Users/rajasimhanmanivannan/.m2/repository/org/reactivestreams/reactive-streams/1.0.3/reactive-streams-1.0.3.jar:/Users/rajasimhanmanivannan/.m2/repository/com/typesafe/netty/netty-reactive-streams/2.0.4/netty-reactive-streams-2.0.4.jar:/Users/rajasimhanmanivannan/.m2/repository/org/slf4j/slf4j-api/1.7.30/slf4j-api-1.7.30.jar:/Users/rajasimhanmanivannan/.m2/repository/com/sun/activation/jakarta.activation/1.2.2/jakarta.activation-1.2.2.jar:/Users/rajasimhanmanivannan/.m2/repository/org/seleniumhq/selenium/selenium-http/4.6.0/selenium-http-4.6.0.jar:/Users/rajasimhanmanivannan/.m2/repository/dev/failsafe/failsafe/3.3.0/failsafe-3.3.0.jar:/Users/rajasimhanmanivannan/.m2/repository/org/seleniumhq/selenium/selenium-manager/4.6.0/selenium-manager-4.6.0.jar:/Users/rajasimhanmanivannan/.m2/repository/org/seleniumhq/selenium/selenium-safari-driver/4.6.0/selenium-safari-driver-4.6.0.jar:/Users/rajasimhanmanivannan/.m2/repository/org/seleniumhq/selenium/selenium-support/4.6.0/selenium-support-4.6.0.jar:/Users/rajasimhanmanivannan/.m2/repository/com/aventstack/extentreports-cucumber4-adapter/1.0.7/extentreports-cucumber4-adapter-1.0.7.jar:/Users/rajasimhanmanivannan/.m2/repository/org/mongodb/mongodb-driver/3.3.0/mongodb-driver-3.3.0.jar:/Users/rajasimhanmanivannan/.m2/repository/org/mongodb/mongodb-driver-core/3.3.0/mongodb-driver-core-3.3.0.jar:/Users/rajasimhanmanivannan/.m2/repository/com/aventstack/extentreports/4.0.9/extentreports-4.0.9.jar:/Users/rajasimhanmanivannan/.m2/repository/org/mongodb/bson/3.3.0/bson-3.3.0.jar:/Users/rajasimhanmanivannan/.m2/repository/com/google/code/gson/gson/2.8.5/gson-2.8.5.jar:/Users/rajasimhanmanivannan/.m2/repository/org/freemarker/freemarker/2.3.28/freemarker-2.3.28.jar:/Users/rajasimhanmanivannan/.m2/repository/org/mongodb/mongo-java-driver/3.10.2/mongo-java-driver-3.10.2.jar:/Users/rajasimhanmanivannan/.m2/repository/org/apache/logging/log4j/log4j-api/2.13.1/log4j-api-2.13.1.jar:/Users/rajasimhanmanivannan/.m2/repository/org/apache/logging/log4j/log4j-core/2.13.1/log4j-core-2.13.1.jar:"/>
    <property name="sun.cpu.endian" value="little"/>
    <property name="user.home" value="/Users/rajasimhanmanivannan"/>
    <property name="user.language" value="en"/>
    <property name="java.specification.vendor" value="Oracle Corporation"/>
    <property name="java.version.date" value="2022-10-18"/>
    <property name="java.home" value="/Users/rajasimhanmanivannan/.p2/pool/plugins/org.eclipse.justj.openjdk.hotspot.jre.full.macosx.x86_64_17.0.5.v20221102-0933/jre"/>
    <property name="file.separator" value="/"/>
    <property name="style.color" value="always"/>
    <property name="basedir" value="/Users/rajasimhanmanivannan/eclipse-workspace/Amazon"/>
    <property name="java.vm.compressedOopsMode" value="Zero based"/>
    <property name="line.separator" value="&#10;"/>
    <property name="java.vm.specification.vendor" value="Oracle Corporation"/>
    <property name="java.specification.name" value="Java Platform API Specification"/>
    <property name="surefire.real.class.path" value="/Users/rajasimhanmanivannan/eclipse-workspace/Amazon/target/surefire/surefirebooter6453068119320065626.jar"/>
    <property name="sun.management.compiler" value="HotSpot 64-Bit Tiered Compilers"/>
    <property name="java.runtime.version" value="17.0.5+8"/>
    <property name="user.name" value="rajasimhanmanivannan"/>
    <property name="path.separator" value=":"/>
    <property name="os.version" value="12.2"/>
    <property name="java.runtime.name" value="OpenJDK Runtime Environment"/>
    <property name="file.encoding" value="UTF-8"/>
    <property name="java.vm.name" value="OpenJDK 64-Bit Server VM"/>
    <property name="java.vendor.version" value="Temurin-17.0.5+8"/>
    <property name="localRepository" value="/Users/rajasimhanmanivannan/.m2/repository"/>
    <property name="java.vendor.url.bug" value="https://github.com/adoptium/adoptium-support/issues"/>
    <property name="java.io.tmpdir" value="/var/folders/0z/y9v6nkmx29j74pyw2k88zbzw0000gn/T/"/>
    <property name="java.version" value="17.0.5"/>
    <property name="user.dir" value="/Users/rajasimhanmanivannan/eclipse-workspace/Amazon"/>
    <property name="os.arch" value="x86_64"/>
    <property name="java.vm.specification.name" value="Java Virtual Machine Specification"/>
    <property name="native.encoding" value="UTF-8"/>
    <property name="java.library.path" value="/Users/rajasimhanmanivannan/Library/Java/Extensions:/Library/Java/Extensions:/Network/Library/Java/Extensions:/System/Library/Java/Extensions:/usr/lib/java:."/>
    <property name="java.vm.info" value="mixed mode"/>
    <property name="java.vendor" value="Eclipse Adoptium"/>
    <property name="java.vm.version" value="17.0.5+8"/>
    <property name="sun.io.unicode.encoding" value="UnicodeBig"/>
    <property name="java.class.version" value="61.0"/>
  </properties>
  <testcase name="Search a product" classname="Search functionality" time="17.366"/>
</testsuite>